2024-03-15 14:29:47,208 [Worker-4: Loading available Gradle versions] INFO  o.e.b.c.i.u.g.PublishedGradleVersions - Gradle version information cache is up-to-date. Trying to read.
2024-03-15 14:30:41,729 [Worker-10: Importing Maven projects] INFO  o.e.m.c.i.l.LifecycleMappingFactory - Using org.eclipse.m2e.jdt.JarLifecycleMapping lifecycle mapping for MavenProject: sia:taco-cloud:0.0.1-SNAPSHOT @ C:\Spring\spring-in-action-6-samples-main\spring-in-action-6-samples-main\ch01\taco-cloud\pom.xml.
2024-03-15 14:31:12,088 [Worker-10: Importing Maven projects] INFO  o.e.m.j.i.AbstractJavaProjectConfigurator - Adding source folder /taco-cloud/src/main/java
2024-03-15 14:31:12,089 [Worker-10: Importing Maven projects] INFO  o.e.m.j.i.AbstractJavaProjectConfigurator - Adding resource folder /taco-cloud/src/main/resources
2024-03-15 14:31:12,090 [Worker-10: Importing Maven projects] INFO  o.e.m.j.i.AbstractJavaProjectConfigurator - Adding resource folder /taco-cloud/src/main/resources
2024-03-15 14:31:12,092 [Worker-10: Importing Maven projects] INFO  o.e.m.j.i.AbstractJavaProjectConfigurator - Adding source folder /taco-cloud/src/test/java
2024-03-15 14:31:12,093 [Worker-10: Importing Maven projects] INFO  o.e.m.j.i.AbstractJavaProjectConfigurator - Adding resource folder /taco-cloud/src/test/resources
2024-03-15 14:31:12,936 [Worker-10: Importing Maven projects] INFO  o.e.m.c.i.p.ProjectConfigurationManager - Imported and configured 1 project(s) in 54 sec
2024-03-15 14:31:16,284 [Worker-12: Building] INFO  o.e.m.c.i.embedder.EclipseLogger - Using 'UTF-8' encoding to copy filtered resources.
2024-03-15 14:31:16,284 [Worker-12: Building] INFO  o.e.m.c.i.embedder.EclipseLogger - Using 'UTF-8' encoding to copy filtered properties files.
2024-03-15 14:31:16,372 [Worker-12: Building] INFO  o.e.m.c.i.embedder.EclipseLogger - Copying 1 resource
2024-03-15 14:31:16,444 [Worker-12: Building] INFO  o.e.m.c.i.embedder.EclipseLogger - Copying 2 resources
2024-03-15 14:31:16,828 [Worker-12: Building] INFO  o.e.m.c.i.embedder.EclipseLogger - Using 'UTF-8' encoding to copy filtered resources.
2024-03-15 14:31:16,828 [Worker-12: Building] INFO  o.e.m.c.i.embedder.EclipseLogger - Using 'UTF-8' encoding to copy filtered properties files.
2024-03-15 14:31:16,828 [Worker-12: Building] INFO  o.e.m.c.i.embedder.EclipseLogger - skip non existing resourceDirectory C:\Spring\spring-in-action-6-samples-main\spring-in-action-6-samples-main\ch01\taco-cloud\src\test\resources
2024-03-20 10:16:10,272 [Worker-1: Loading available Gradle versions] INFO  o.e.b.c.i.u.g.PublishedGradleVersions - Gradle version information cache is up-to-date. Trying to read.
2024-03-20 10:17:04,137 [Worker-4: Building] INFO  o.e.m.c.i.embedder.EclipseLogger - Using 'UTF-8' encoding to copy filtered resources.
2024-03-20 10:17:04,152 [Worker-4: Building] INFO  o.e.m.c.i.embedder.EclipseLogger - Using 'UTF-8' encoding to copy filtered properties files.
2024-03-20 10:17:04,200 [Worker-4: Building] INFO  o.e.m.c.i.embedder.EclipseLogger - Copying 1 resource
2024-03-20 10:17:04,293 [Worker-4: Building] INFO  o.e.m.c.i.embedder.EclipseLogger - Copying 2 resources
2024-03-20 10:17:04,347 [Worker-4: Building] INFO  o.e.m.c.i.embedder.EclipseLogger - Using 'UTF-8' encoding to copy filtered resources.
2024-03-20 10:17:04,347 [Worker-4: Building] INFO  o.e.m.c.i.embedder.EclipseLogger - Using 'UTF-8' encoding to copy filtered properties files.
2024-03-20 10:17:04,347 [Worker-4: Building] INFO  o.e.m.c.i.embedder.EclipseLogger - skip non existing resourceDirectory C:\Spring\spring-in-action-6-samples-main\spring-in-action-6-samples-main\ch01\taco-cloud\src\test\resources
2024-03-21 23:08:26,362 [Worker-0: Loading available Gradle versions] INFO  o.e.b.c.i.u.g.PublishedGradleVersions - Gradle version information cache is out-of-date. Trying to update.
2024-03-21 23:14:04,083 [Worker-0: Launching taco-cloud - TacoCloudApplication] INFO  o.e.m.c.i.embedder.EclipseLogger - Using 'UTF-8' encoding to copy filtered resources.
2024-03-21 23:14:04,107 [Worker-0: Launching taco-cloud - TacoCloudApplication] INFO  o.e.m.c.i.embedder.EclipseLogger - Using 'UTF-8' encoding to copy filtered properties files.
2024-03-21 23:14:04,139 [Worker-0: Launching taco-cloud - TacoCloudApplication] INFO  o.e.m.c.i.embedder.EclipseLogger - Copying 1 resource
2024-03-21 23:14:04,253 [Worker-0: Launching taco-cloud - TacoCloudApplication] INFO  o.e.m.c.i.embedder.EclipseLogger - Copying 2 resources
2024-03-21 23:14:04,266 [Worker-0: Launching taco-cloud - TacoCloudApplication] INFO  o.e.m.c.i.embedder.EclipseLogger - Using 'UTF-8' encoding to copy filtered resources.
2024-03-21 23:14:04,266 [Worker-0: Launching taco-cloud - TacoCloudApplication] INFO  o.e.m.c.i.embedder.EclipseLogger - Using 'UTF-8' encoding to copy filtered properties files.
2024-03-21 23:14:04,266 [Worker-0: Launching taco-cloud - TacoCloudApplication] INFO  o.e.m.c.i.embedder.EclipseLogger - skip non existing resourceDirectory C:\Spring\spring-in-action-6-samples-main\spring-in-action-6-samples-main\ch01\taco-cloud\src\test\resources
2024-03-21 23:14:52,825 [Worker-14: Launching Executing install in C__Spring_spring-in-action-6-samples-main_spring-in-action-6-samples-main_ch01_taco-cloud] INFO  o.eclipse.m2e.core.internal.Bundles - getClasspathEntries(Bundle=org.eclipse.m2e.maven.runtime_3.9.500.20231113-2345 [346])
2024-03-21 23:14:52,831 [Worker-14: Launching Executing install in C__Spring_spring-in-action-6-samples-main_spring-in-action-6-samples-main_ch01_taco-cloud] INFO  o.eclipse.m2e.core.internal.Bundles - 	Entry: C:\Spring\sts-4.21.1.RELEASE\plugins\org.eclipse.m2e.maven.runtime_3.9.500.20231113-2345
2024-03-21 23:14:52,832 [Worker-14: Launching Executing install in C__Spring_spring-in-action-6-samples-main_spring-in-action-6-samples-main_ch01_taco-cloud] INFO  o.eclipse.m2e.core.internal.Bundles - 	Entry: C:\Spring\sts-4.21.1.RELEASE\plugins\org.eclipse.m2e.maven.runtime_3.9.500.20231113-2345\jars\aopalliance-1.0.jar
2024-03-21 23:14:52,834 [Worker-14: Launching Executing install in C__Spring_spring-in-action-6-samples-main_spring-in-action-6-samples-main_ch01_taco-cloud] INFO  o.eclipse.m2e.core.internal.Bundles - 	Entry: C:\Spring\sts-4.21.1.RELEASE\plugins\org.eclipse.m2e.maven.runtime_3.9.500.20231113-2345\jars\guice-5.1.0.jar
2024-03-21 23:14:52,836 [Worker-14: Launching Executing install in C__Spring_spring-in-action-6-samples-main_spring-in-action-6-samples-main_ch01_taco-cloud] INFO  o.eclipse.m2e.core.internal.Bundles - 	Entry: C:\Spring\sts-4.21.1.RELEASE\plugins\org.eclipse.m2e.maven.runtime_3.9.500.20231113-2345\jars\httpclient-4.5.14.jar
2024-03-21 23:14:52,837 [Worker-14: Launching Executing install in C__Spring_spring-in-action-6-samples-main_spring-in-action-6-samples-main_ch01_taco-cloud] INFO  o.eclipse.m2e.core.internal.Bundles - 	Entry: C:\Spring\sts-4.21.1.RELEASE\plugins\org.eclipse.m2e.maven.runtime_3.9.500.20231113-2345\jars\httpcore-4.4.16.jar
2024-03-21 23:14:52,837 [Worker-14: Launching Executing install in C__Spring_spring-in-action-6-samples-main_spring-in-action-6-samples-main_ch01_taco-cloud] INFO  o.eclipse.m2e.core.internal.Bundles - 	Entry: C:\Spring\sts-4.21.1.RELEASE\plugins\org.eclipse.m2e.maven.runtime_3.9.500.20231113-2345\jars\jansi-2.4.0.jar
2024-03-21 23:14:52,837 [Worker-14: Launching Executing install in C__Spring_spring-in-action-6-samples-main_spring-in-action-6-samples-main_ch01_taco-cloud] INFO  o.eclipse.m2e.core.internal.Bundles - 	Entry: C:\Spring\sts-4.21.1.RELEASE\plugins\org.eclipse.m2e.maven.runtime_3.9.500.20231113-2345\jars\jcl-over-slf4j-1.7.36.jar
2024-03-21 23:14:52,838 [Worker-14: Launching Executing install in C__Spring_spring-in-action-6-samples-main_spring-in-action-6-samples-main_ch01_taco-cloud] INFO  o.eclipse.m2e.core.internal.Bundles - 	Entry: C:\Spring\sts-4.21.1.RELEASE\plugins\org.eclipse.m2e.maven.runtime_3.9.500.20231113-2345\jars\maven-artifact-3.9.5.jar
2024-03-21 23:14:52,838 [Worker-14: Launching Executing install in C__Spring_spring-in-action-6-samples-main_spring-in-action-6-samples-main_ch01_taco-cloud] INFO  o.eclipse.m2e.core.internal.Bundles - 	Entry: C:\Spring\sts-4.21.1.RELEASE\plugins\org.eclipse.m2e.maven.runtime_3.9.500.20231113-2345\jars\maven-builder-support-3.9.5.jar
2024-03-21 23:14:52,840 [Worker-14: Launching Executing install in C__Spring_spring-in-action-6-samples-main_spring-in-action-6-samples-main_ch01_taco-cloud] INFO  o.eclipse.m2e.core.internal.Bundles - 	Entry: C:\Spring\sts-4.21.1.RELEASE\plugins\org.eclipse.m2e.maven.runtime_3.9.500.20231113-2345\jars\maven-compat-3.9.5.jar
2024-03-21 23:14:52,842 [Worker-14: Launching Executing install in C__Spring_spring-in-action-6-samples-main_spring-in-action-6-samples-main_ch01_taco-cloud] INFO  o.eclipse.m2e.core.internal.Bundles - 	Entry: C:\Spring\sts-4.21.1.RELEASE\plugins\org.eclipse.m2e.maven.runtime_3.9.500.20231113-2345\jars\maven-core-3.9.5.jar
2024-03-21 23:14:52,843 [Worker-14: Launching Executing install in C__Spring_spring-in-action-6-samples-main_spring-in-action-6-samples-main_ch01_taco-cloud] INFO  o.eclipse.m2e.core.internal.Bundles - 	Entry: C:\Spring\sts-4.21.1.RELEASE\plugins\org.eclipse.m2e.maven.runtime_3.9.500.20231113-2345\jars\maven-embedder-3.9.5.jar
2024-03-21 23:14:52,843 [Worker-14: Launching Executing install in C__Spring_spring-in-action-6-samples-main_spring-in-action-6-samples-main_ch01_taco-cloud] INFO  o.eclipse.m2e.core.internal.Bundles - 	Entry: C:\Spring\sts-4.21.1.RELEASE\plugins\org.eclipse.m2e.maven.runtime_3.9.500.20231113-2345\jars\maven-model-3.9.5.jar
2024-03-21 23:14:52,844 [Worker-14: Launching Executing install in C__Spring_spring-in-action-6-samples-main_spring-in-action-6-samples-main_ch01_taco-cloud] INFO  o.eclipse.m2e.core.internal.Bundles - 	Entry: C:\Spring\sts-4.21.1.RELEASE\plugins\org.eclipse.m2e.maven.runtime_3.9.500.20231113-2345\jars\maven-model-builder-3.9.5.jar
2024-03-21 23:14:52,846 [Worker-14: Launching Executing install in C__Spring_spring-in-action-6-samples-main_spring-in-action-6-samples-main_ch01_taco-cloud] INFO  o.eclipse.m2e.core.internal.Bundles - 	Entry: C:\Spring\sts-4.21.1.RELEASE\plugins\org.eclipse.m2e.maven.runtime_3.9.500.20231113-2345\jars\maven-plugin-api-3.9.5.jar
2024-03-21 23:14:52,847 [Worker-14: Launching Executing install in C__Spring_spring-in-action-6-samples-main_spring-in-action-6-samples-main_ch01_taco-cloud] INFO  o.eclipse.m2e.core.internal.Bundles - 	Entry: C:\Spring\sts-4.21.1.RELEASE\plugins\org.eclipse.m2e.maven.runtime_3.9.500.20231113-2345\jars\maven-repository-metadata-3.9.5.jar
2024-03-21 23:14:52,848 [Worker-14: Launching Executing install in C__Spring_spring-in-action-6-samples-main_spring-in-action-6-samples-main_ch01_taco-cloud] INFO  o.eclipse.m2e.core.internal.Bundles - 	Entry: C:\Spring\sts-4.21.1.RELEASE\plugins\org.eclipse.m2e.maven.runtime_3.9.500.20231113-2345\jars\maven-resolver-api-1.9.16.jar
2024-03-21 23:14:52,848 [Worker-14: Launching Executing install in C__Spring_spring-in-action-6-samples-main_spring-in-action-6-samples-main_ch01_taco-cloud] INFO  o.eclipse.m2e.core.internal.Bundles - 	Entry: C:\Spring\sts-4.21.1.RELEASE\plugins\org.eclipse.m2e.maven.runtime_3.9.500.20231113-2345\jars\maven-resolver-connector-basic-1.9.16.jar
2024-03-21 23:14:52,848 [Worker-14: Launching Executing install in C__Spring_spring-in-action-6-samples-main_spring-in-action-6-samples-main_ch01_taco-cloud] INFO  o.eclipse.m2e.core.internal.Bundles - 	Entry: C:\Spring\sts-4.21.1.RELEASE\plugins\org.eclipse.m2e.maven.runtime_3.9.500.20231113-2345\jars\maven-resolver-impl-1.9.16.jar
2024-03-21 23:14:52,848 [Worker-14: Launching Executing install in C__Spring_spring-in-action-6-samples-main_spring-in-action-6-samples-main_ch01_taco-cloud] INFO  o.eclipse.m2e.core.internal.Bundles - 	Entry: C:\Spring\sts-4.21.1.RELEASE\plugins\org.eclipse.m2e.maven.runtime_3.9.500.20231113-2345\jars\maven-resolver-named-locks-1.9.16.jar
2024-03-21 23:14:52,849 [Worker-14: Launching Executing install in C__Spring_spring-in-action-6-samples-main_spring-in-action-6-samples-main_ch01_taco-cloud] INFO  o.eclipse.m2e.core.internal.Bundles - 	Entry: C:\Spring\sts-4.21.1.RELEASE\plugins\org.eclipse.m2e.maven.runtime_3.9.500.20231113-2345\jars\maven-resolver-provider-3.9.5.jar
2024-03-21 23:14:52,849 [Worker-14: Launching Executing install in C__Spring_spring-in-action-6-samples-main_spring-in-action-6-samples-main_ch01_taco-cloud] INFO  o.eclipse.m2e.core.internal.Bundles - 	Entry: C:\Spring\sts-4.21.1.RELEASE\plugins\org.eclipse.m2e.maven.runtime_3.9.500.20231113-2345\jars\maven-resolver-spi-1.9.16.jar
2024-03-21 23:14:52,850 [Worker-14: Launching Executing install in C__Spring_spring-in-action-6-samples-main_spring-in-action-6-samples-main_ch01_taco-cloud] INFO  o.eclipse.m2e.core.internal.Bundles - 	Entry: C:\Spring\sts-4.21.1.RELEASE\plugins\org.eclipse.m2e.maven.runtime_3.9.500.20231113-2345\jars\maven-resolver-transport-file-1.9.16.jar
2024-03-21 23:14:52,851 [Worker-14: Launching Executing install in C__Spring_spring-in-action-6-samples-main_spring-in-action-6-samples-main_ch01_taco-cloud] INFO  o.eclipse.m2e.core.internal.Bundles - 	Entry: C:\Spring\sts-4.21.1.RELEASE\plugins\org.eclipse.m2e.maven.runtime_3.9.500.20231113-2345\jars\maven-resolver-transport-http-1.9.16.jar
2024-03-21 23:14:52,851 [Worker-14: Launching Executing install in C__Spring_spring-in-action-6-samples-main_spring-in-action-6-samples-main_ch01_taco-cloud] INFO  o.eclipse.m2e.core.internal.Bundles - 	Entry: C:\Spring\sts-4.21.1.RELEASE\plugins\org.eclipse.m2e.maven.runtime_3.9.500.20231113-2345\jars\maven-resolver-transport-wagon-1.9.16.jar
2024-03-21 23:14:52,851 [Worker-14: Launching Executing install in C__Spring_spring-in-action-6-samples-main_spring-in-action-6-samples-main_ch01_taco-cloud] INFO  o.eclipse.m2e.core.internal.Bundles - 	Entry: C:\Spring\sts-4.21.1.RELEASE\plugins\org.eclipse.m2e.maven.runtime_3.9.500.20231113-2345\jars\maven-resolver-util-1.9.16.jar
2024-03-21 23:14:52,852 [Worker-14: Launching Executing install in C__Spring_spring-in-action-6-samples-main_spring-in-action-6-samples-main_ch01_taco-cloud] INFO  o.eclipse.m2e.core.internal.Bundles - 	Entry: C:\Spring\sts-4.21.1.RELEASE\plugins\org.eclipse.m2e.maven.runtime_3.9.500.20231113-2345\jars\maven-settings-3.9.5.jar
2024-03-21 23:14:52,853 [Worker-14: Launching Executing install in C__Spring_spring-in-action-6-samples-main_spring-in-action-6-samples-main_ch01_taco-cloud] INFO  o.eclipse.m2e.core.internal.Bundles - 	Entry: C:\Spring\sts-4.21.1.RELEASE\plugins\org.eclipse.m2e.maven.runtime_3.9.500.20231113-2345\jars\maven-settings-builder-3.9.5.jar
2024-03-21 23:14:52,854 [Worker-14: Launching Executing install in C__Spring_spring-in-action-6-samples-main_spring-in-action-6-samples-main_ch01_taco-cloud] INFO  o.eclipse.m2e.core.internal.Bundles - 	Entry: C:\Spring\sts-4.21.1.RELEASE\plugins\org.eclipse.m2e.maven.runtime_3.9.500.20231113-2345\jars\maven-shared-utils-3.3.4.jar
2024-03-21 23:14:52,856 [Worker-14: Launching Executing install in C__Spring_spring-in-action-6-samples-main_spring-in-action-6-samples-main_ch01_taco-cloud] INFO  o.eclipse.m2e.core.internal.Bundles - 	Entry: C:\Spring\sts-4.21.1.RELEASE\plugins\org.eclipse.m2e.maven.runtime_3.9.500.20231113-2345\jars\org.eclipse.sisu.inject-0.3.5.jar
2024-03-21 23:14:52,859 [Worker-14: Launching Executing install in C__Spring_spring-in-action-6-samples-main_spring-in-action-6-samples-main_ch01_taco-cloud] INFO  o.eclipse.m2e.core.internal.Bundles - 	Entry: C:\Spring\sts-4.21.1.RELEASE\plugins\org.eclipse.m2e.maven.runtime_3.9.500.20231113-2345\jars\org.eclipse.sisu.plexus-0.3.5.jar
2024-03-21 23:14:52,861 [Worker-14: Launching Executing install in C__Spring_spring-in-action-6-samples-main_spring-in-action-6-samples-main_ch01_taco-cloud] INFO  o.eclipse.m2e.core.internal.Bundles - 	Entry: C:\Spring\sts-4.21.1.RELEASE\plugins\org.eclipse.m2e.maven.runtime_3.9.500.20231113-2345\jars\plexus-build-api-0.0.7.jar
2024-03-21 23:14:52,862 [Worker-14: Launching Executing install in C__Spring_spring-in-action-6-samples-main_spring-in-action-6-samples-main_ch01_taco-cloud] INFO  o.eclipse.m2e.core.internal.Bundles - 	Entry: C:\Spring\sts-4.21.1.RELEASE\plugins\org.eclipse.m2e.maven.runtime_3.9.500.20231113-2345\jars\plexus-cipher-2.0.jar
2024-03-21 23:14:52,862 [Worker-14: Launching Executing install in C__Spring_spring-in-action-6-samples-main_spring-in-action-6-samples-main_ch01_taco-cloud] INFO  o.eclipse.m2e.core.internal.Bundles - 	Entry: C:\Spring\sts-4.21.1.RELEASE\plugins\org.eclipse.m2e.maven.runtime_3.9.500.20231113-2345\jars\plexus-classworlds-2.7.0.jar
2024-03-21 23:14:52,863 [Worker-14: Launching Executing install in C__Spring_spring-in-action-6-samples-main_spring-in-action-6-samples-main_ch01_taco-cloud] INFO  o.eclipse.m2e.core.internal.Bundles - 	Entry: C:\Spring\sts-4.21.1.RELEASE\plugins\org.eclipse.m2e.maven.runtime_3.9.500.20231113-2345\jars\plexus-component-annotations-2.1.0.jar
2024-03-21 23:14:52,864 [Worker-14: Launching Executing install in C__Spring_spring-in-action-6-samples-main_spring-in-action-6-samples-main_ch01_taco-cloud] INFO  o.eclipse.m2e.core.internal.Bundles - 	Entry: C:\Spring\sts-4.21.1.RELEASE\plugins\org.eclipse.m2e.maven.runtime_3.9.500.20231113-2345\jars\plexus-interpolation-1.26.jar
2024-03-21 23:14:52,864 [Worker-14: Launching Executing install in C__Spring_spring-in-action-6-samples-main_spring-in-action-6-samples-main_ch01_taco-cloud] INFO  o.eclipse.m2e.core.internal.Bundles - 	Entry: C:\Spring\sts-4.21.1.RELEASE\plugins\org.eclipse.m2e.maven.runtime_3.9.500.20231113-2345\jars\plexus-sec-dispatcher-2.0.jar
2024-03-21 23:14:52,865 [Worker-14: Launching Executing install in C__Spring_spring-in-action-6-samples-main_spring-in-action-6-samples-main_ch01_taco-cloud] INFO  o.eclipse.m2e.core.internal.Bundles - 	Entry: C:\Spring\sts-4.21.1.RELEASE\plugins\org.eclipse.m2e.maven.runtime_3.9.500.20231113-2345\jars\plexus-utils-3.5.1.jar
2024-03-21 23:14:52,865 [Worker-14: Launching Executing install in C__Spring_spring-in-action-6-samples-main_spring-in-action-6-samples-main_ch01_taco-cloud] INFO  o.eclipse.m2e.core.internal.Bundles - 	Entry: C:\Spring\sts-4.21.1.RELEASE\plugins\org.eclipse.m2e.maven.runtime_3.9.500.20231113-2345\jars\wagon-file-3.5.3.jar
2024-03-21 23:14:52,865 [Worker-14: Launching Executing install in C__Spring_spring-in-action-6-samples-main_spring-in-action-6-samples-main_ch01_taco-cloud] INFO  o.eclipse.m2e.core.internal.Bundles - 	Entry: C:\Spring\sts-4.21.1.RELEASE\plugins\org.eclipse.m2e.maven.runtime_3.9.500.20231113-2345\jars\wagon-http-3.5.3.jar
2024-03-21 23:14:52,866 [Worker-14: Launching Executing install in C__Spring_spring-in-action-6-samples-main_spring-in-action-6-samples-main_ch01_taco-cloud] INFO  o.eclipse.m2e.core.internal.Bundles - 	Entry: C:\Spring\sts-4.21.1.RELEASE\plugins\org.eclipse.m2e.maven.runtime_3.9.500.20231113-2345\jars\wagon-http-shared-3.5.3.jar
2024-03-21 23:14:52,866 [Worker-14: Launching Executing install in C__Spring_spring-in-action-6-samples-main_spring-in-action-6-samples-main_ch01_taco-cloud] INFO  o.eclipse.m2e.core.internal.Bundles - 	Entry: C:\Spring\sts-4.21.1.RELEASE\plugins\org.eclipse.m2e.maven.runtime_3.9.500.20231113-2345\jars\wagon-provider-api-3.5.3.jar
2024-03-21 23:14:52,869 [Worker-14: Launching Executing install in C__Spring_spring-in-action-6-samples-main_spring-in-action-6-samples-main_ch01_taco-cloud] INFO  o.eclipse.m2e.core.internal.Bundles - getClasspathEntries(Bundle=com.google.guava_33.0.0.jre [25])
2024-03-21 23:14:52,871 [Worker-14: Launching Executing install in C__Spring_spring-in-action-6-samples-main_spring-in-action-6-samples-main_ch01_taco-cloud] INFO  o.eclipse.m2e.core.internal.Bundles - 	Entry: C:\Spring\sts-4.21.1.RELEASE\plugins\com.google.guava_33.0.0.jre.jar
2024-03-21 23:14:52,875 [Worker-14: Launching Executing install in C__Spring_spring-in-action-6-samples-main_spring-in-action-6-samples-main_ch01_taco-cloud] INFO  o.eclipse.m2e.core.internal.Bundles - getClasspathEntries(Bundle=slf4j.api_2.0.9 [573])
2024-03-21 23:14:52,876 [Worker-14: Launching Executing install in C__Spring_spring-in-action-6-samples-main_spring-in-action-6-samples-main_ch01_taco-cloud] INFO  o.eclipse.m2e.core.internal.Bundles - 	Entry: C:\Spring\sts-4.21.1.RELEASE\plugins\slf4j.api_2.0.9.jar
2024-03-21 23:14:52,876 [Worker-14: Launching Executing install in C__Spring_spring-in-action-6-samples-main_spring-in-action-6-samples-main_ch01_taco-cloud] INFO  o.eclipse.m2e.core.internal.Bundles - getClasspathEntries(Bundle=jakarta.inject.jakarta.inject-api_1.0.5 [41])
2024-03-21 23:14:52,877 [Worker-14: Launching Executing install in C__Spring_spring-in-action-6-samples-main_spring-in-action-6-samples-main_ch01_taco-cloud] INFO  o.eclipse.m2e.core.internal.Bundles - 	Entry: C:\Spring\sts-4.21.1.RELEASE\plugins\jakarta.inject.jakarta.inject-api_1.0.5.jar
2024-03-21 23:14:52,877 [Worker-14: Launching Executing install in C__Spring_spring-in-action-6-samples-main_spring-in-action-6-samples-main_ch01_taco-cloud] INFO  o.eclipse.m2e.core.internal.Bundles - getClasspathEntries(Bundle=jakarta.annotation-api_1.3.5 [37])
2024-03-21 23:14:52,878 [Worker-14: Launching Executing install in C__Spring_spring-in-action-6-samples-main_spring-in-action-6-samples-main_ch01_taco-cloud] INFO  o.eclipse.m2e.core.internal.Bundles - 	Entry: C:\Spring\sts-4.21.1.RELEASE\plugins\jakarta.annotation-api_1.3.5.jar
2024-03-21 23:14:52,879 [Worker-14: Launching Executing install in C__Spring_spring-in-action-6-samples-main_spring-in-action-6-samples-main_ch01_taco-cloud] INFO  o.eclipse.m2e.core.internal.Bundles - getClasspathEntries(Bundle=org.apache.commons.cli_1.6.0 [71])
2024-03-21 23:14:52,881 [Worker-14: Launching Executing install in C__Spring_spring-in-action-6-samples-main_spring-in-action-6-samples-main_ch01_taco-cloud] INFO  o.eclipse.m2e.core.internal.Bundles - 	Entry: C:\Spring\sts-4.21.1.RELEASE\plugins\org.apache.commons.cli_1.6.0.jar
2024-03-21 23:14:52,881 [Worker-14: Launching Executing install in C__Spring_spring-in-action-6-samples-main_spring-in-action-6-samples-main_ch01_taco-cloud] INFO  o.eclipse.m2e.core.internal.Bundles - getClasspathEntries(Bundle=org.apache.commons.commons-codec_1.16.0 [73])
2024-03-21 23:14:52,882 [Worker-14: Launching Executing install in C__Spring_spring-in-action-6-samples-main_spring-in-action-6-samples-main_ch01_taco-cloud] INFO  o.eclipse.m2e.core.internal.Bundles - 	Entry: C:\Spring\sts-4.21.1.RELEASE\plugins\org.apache.commons.commons-codec_1.16.0.jar
2024-03-21 23:14:52,882 [Worker-14: Launching Executing install in C__Spring_spring-in-action-6-samples-main_spring-in-action-6-samples-main_ch01_taco-cloud] INFO  o.eclipse.m2e.core.internal.Bundles - getClasspathEntries(Bundle=org.apache.commons.lang3_3.13.0 [77])
2024-03-21 23:14:52,882 [Worker-14: Launching Executing install in C__Spring_spring-in-action-6-samples-main_spring-in-action-6-samples-main_ch01_taco-cloud] INFO  o.eclipse.m2e.core.internal.Bundles - 	Entry: C:\Spring\sts-4.21.1.RELEASE\plugins\org.apache.commons.lang3_3.13.0.jar
2024-03-21 23:14:52,882 [Worker-14: Launching Executing install in C__Spring_spring-in-action-6-samples-main_spring-in-action-6-samples-main_ch01_taco-cloud] INFO  o.eclipse.m2e.core.internal.Bundles - getClasspathEntries(Bundle=com.google.guava.failureaccess_1.0.2 [27])
2024-03-21 23:14:52,883 [Worker-14: Launching Executing install in C__Spring_spring-in-action-6-samples-main_spring-in-action-6-samples-main_ch01_taco-cloud] INFO  o.eclipse.m2e.core.internal.Bundles - 	Entry: C:\Spring\sts-4.21.1.RELEASE\plugins\com.google.guava.failureaccess_1.0.2.jar
2024-03-21 23:14:52,891 [Worker-14: Launching Executing install in C__Spring_spring-in-action-6-samples-main_spring-in-action-6-samples-main_ch01_taco-cloud] INFO  o.e.m.i.launch.MavenLaunchDelegate - Run build in "C:\Spring\spring-in-action-6-samples-main\spring-in-action-6-samples-main\ch01\taco-cloud":
2024-03-21 23:14:52,893 [Worker-14: Launching Executing install in C__Spring_spring-in-action-6-samples-main_spring-in-action-6-samples-main_ch01_taco-cloud] INFO  o.e.m.i.launch.MavenLaunchDelegate -  mvn  -B -Dstyle.color=always install
