2024-03-20 17:44:47,464 [Worker-2: Loading available Gradle versions] INFO  o.e.b.c.i.u.g.PublishedGradleVersions - Gradle version information cache is up-to-date. Trying to read.
2024-03-20 17:45:50,019 [Worker-2: Importing Maven projects] INFO  o.e.m.c.i.l.LifecycleMappingFactory - Using org.eclipse.m2e.jdt.JarLifecycleMapping lifecycle mapping for MavenProject: sia:taco-cloud:0.0.5-SNAPSHOT @ C:\Spring\spring-in-action-6-samples-main\spring-in-action-6-samples-main\ch05\taco-cloud\pom.xml.
2024-03-20 17:46:00,566 [Worker-2: Importing Maven projects] INFO  o.e.m.c.i.l.LifecycleMappingFactory - Using org.eclipse.m2e.jdt.JarLifecycleMapping lifecycle mapping for MavenProject: sia:taco-cloud-sfc:0.0.5-SNAPSHOT @ C:\Spring\spring-in-action-6-samples-main\spring-in-action-6-samples-main\ch05\taco-cloud-sfc\pom.xml.
2024-03-20 17:46:11,496 [Worker-2: Importing Maven projects] INFO  o.e.m.j.i.AbstractJavaProjectConfigurator - Adding source folder /taco-cloud-sfc/src/main/java
2024-03-20 17:46:11,497 [Worker-2: Importing Maven projects] INFO  o.e.m.j.i.AbstractJavaProjectConfigurator - Adding resource folder /taco-cloud-sfc/src/main/resources
2024-03-20 17:46:11,508 [Worker-2: Importing Maven projects] INFO  o.e.m.j.i.AbstractJavaProjectConfigurator - Adding resource folder /taco-cloud-sfc/src/main/resources
2024-03-20 17:46:11,524 [Worker-2: Importing Maven projects] INFO  o.e.m.j.i.AbstractJavaProjectConfigurator - Adding source folder /taco-cloud-sfc/src/test/java
2024-03-20 17:46:11,525 [Worker-2: Importing Maven projects] INFO  o.e.m.j.i.AbstractJavaProjectConfigurator - Adding resource folder /taco-cloud-sfc/src/test/resources
2024-03-20 17:46:27,673 [Worker-2: Importing Maven projects] INFO  o.e.m.j.i.AbstractJavaProjectConfigurator - Adding source folder /taco-cloud/src/main/java
2024-03-20 17:46:27,673 [Worker-2: Importing Maven projects] INFO  o.e.m.j.i.AbstractJavaProjectConfigurator - Adding resource folder /taco-cloud/src/main/resources
2024-03-20 17:46:27,689 [Worker-2: Importing Maven projects] INFO  o.e.m.j.i.AbstractJavaProjectConfigurator - Adding resource folder /taco-cloud/src/main/resources
2024-03-20 17:46:27,711 [Worker-2: Importing Maven projects] INFO  o.e.m.j.i.AbstractJavaProjectConfigurator - Adding source folder /taco-cloud/src/test/java
2024-03-20 17:46:27,712 [Worker-2: Importing Maven projects] INFO  o.e.m.j.i.AbstractJavaProjectConfigurator - Adding resource folder /taco-cloud/src/test/resources
2024-03-20 17:46:29,017 [Worker-2: Importing Maven projects] INFO  o.e.m.c.i.p.ProjectConfigurationManager - Imported and configured 2 project(s) in 56 sec
2024-03-20 17:46:29,595 [Worker-9: Updating Maven Project] INFO  o.e.m.c.i.p.ProjectConfigurationManager - Update started
2024-03-20 17:46:30,543 [Worker-9: Updating Maven Project] INFO  o.e.m.c.i.l.LifecycleMappingFactory - Using org.eclipse.m2e.jdt.JarLifecycleMapping lifecycle mapping for MavenProject: sia:taco-cloud:0.0.5-SNAPSHOT @ C:\Spring\spring-in-action-6-samples-main\spring-in-action-6-samples-main\ch05\taco-cloud\pom.xml.
2024-03-20 17:46:33,643 [Worker-9: Updating Maven Project] INFO  o.e.m.j.i.AbstractJavaProjectConfigurator - Adding source folder /taco-cloud/src/main/java
2024-03-20 17:46:33,644 [Worker-9: Updating Maven Project] INFO  o.e.m.j.i.AbstractJavaProjectConfigurator - Adding resource folder /taco-cloud/src/main/resources
2024-03-20 17:46:33,644 [Worker-9: Updating Maven Project] INFO  o.e.m.j.i.AbstractJavaProjectConfigurator - Adding resource folder /taco-cloud/src/main/resources
2024-03-20 17:46:33,645 [Worker-9: Updating Maven Project] INFO  o.e.m.j.i.AbstractJavaProjectConfigurator - Adding source folder /taco-cloud/src/test/java
2024-03-20 17:46:33,646 [Worker-9: Updating Maven Project] INFO  o.e.m.j.i.AbstractJavaProjectConfigurator - Adding resource folder /taco-cloud/src/test/resources
2024-03-20 17:46:36,207 [Worker-9: Updating Maven Project] INFO  o.e.m.c.i.p.ProjectConfigurationManager - Update completed for 1 poms: local refresh takes 0,00 sec, refresh facades takes 3,00 sec, update config takes 1,00 sec 
2024-03-20 17:46:41,406 [Worker-5: Building] INFO  o.e.m.c.i.embedder.EclipseLogger - Using 'UTF-8' encoding to copy filtered resources.
2024-03-20 17:46:41,406 [Worker-5: Building] INFO  o.e.m.c.i.embedder.EclipseLogger - Using 'UTF-8' encoding to copy filtered properties files.
2024-03-20 17:46:41,440 [Worker-5: Building] INFO  o.e.m.c.i.embedder.EclipseLogger - Copying 1 resource
2024-03-20 17:46:41,503 [Worker-5: Building] INFO  o.e.m.c.i.embedder.EclipseLogger - Copying 8 resources
2024-03-20 17:46:42,183 [Worker-5: Building] INFO  o.e.m.c.i.embedder.EclipseLogger - Using 'UTF-8' encoding to copy filtered resources.
2024-03-20 17:46:42,183 [Worker-5: Building] INFO  o.e.m.c.i.embedder.EclipseLogger - Using 'UTF-8' encoding to copy filtered properties files.
2024-03-20 17:46:42,184 [Worker-5: Building] INFO  o.e.m.c.i.embedder.EclipseLogger - Copying 1 resource
2024-03-20 17:46:46,070 [Worker-5: Building] INFO  o.e.m.c.i.embedder.EclipseLogger - Using 'UTF-8' encoding to copy filtered resources.
2024-03-20 17:46:46,071 [Worker-5: Building] INFO  o.e.m.c.i.embedder.EclipseLogger - Using 'UTF-8' encoding to copy filtered properties files.
2024-03-20 17:46:46,073 [Worker-5: Building] INFO  o.e.m.c.i.embedder.EclipseLogger - Copying 1 resource
2024-03-20 17:46:46,127 [Worker-5: Building] INFO  o.e.m.c.i.embedder.EclipseLogger - Copying 8 resources
2024-03-20 17:46:46,380 [Worker-5: Building] INFO  o.e.m.c.i.embedder.EclipseLogger - Using 'UTF-8' encoding to copy filtered resources.
2024-03-20 17:46:46,380 [Worker-5: Building] INFO  o.e.m.c.i.embedder.EclipseLogger - Using 'UTF-8' encoding to copy filtered properties files.
2024-03-20 17:46:46,381 [Worker-5: Building] INFO  o.e.m.c.i.embedder.EclipseLogger - Copying 1 resource
2024-04-04 03:19:49,561 [Worker-3: Loading available Gradle versions] INFO  o.e.b.c.i.u.g.PublishedGradleVersions - Gradle version information cache is up-to-date. Trying to read.
2024-04-15 19:24:57,567 [Worker-2: Loading available Gradle versions] INFO  o.e.b.c.i.u.g.PublishedGradleVersions - Gradle version information cache is out-of-date. Trying to update.
2024-04-16 10:47:12,182 [Worker-68: Launching taco-cloud - TacoCloudApplication] INFO  o.e.m.c.i.embedder.EclipseLogger - Using 'UTF-8' encoding to copy filtered resources.
2024-04-16 10:47:12,210 [Worker-68: Launching taco-cloud - TacoCloudApplication] INFO  o.e.m.c.i.embedder.EclipseLogger - Using 'UTF-8' encoding to copy filtered properties files.
2024-04-16 10:47:12,227 [Worker-68: Launching taco-cloud - TacoCloudApplication] INFO  o.e.m.c.i.embedder.EclipseLogger - Copying 1 resource
2024-04-16 10:47:12,447 [Worker-68: Launching taco-cloud - TacoCloudApplication] INFO  o.e.m.c.i.embedder.EclipseLogger - Copying 8 resources
2024-04-16 10:47:12,536 [Worker-68: Launching taco-cloud - TacoCloudApplication] INFO  o.e.m.c.i.embedder.EclipseLogger - Using 'UTF-8' encoding to copy filtered resources.
2024-04-16 10:47:12,536 [Worker-68: Launching taco-cloud - TacoCloudApplication] INFO  o.e.m.c.i.embedder.EclipseLogger - Using 'UTF-8' encoding to copy filtered properties files.
2024-04-16 10:47:12,539 [Worker-68: Launching taco-cloud - TacoCloudApplication] INFO  o.e.m.c.i.embedder.EclipseLogger - Copying 1 resource
