2024-03-18 09:50:52,592 [Worker-4: Loading available Gradle versions] INFO  o.e.b.c.i.u.g.PublishedGradleVersions - Gradle version information cache is out-of-date. Trying to update.
2024-03-18 09:52:10,728 [Worker-6: Importing Maven projects] INFO  o.e.m.c.i.l.LifecycleMappingFactory - Using org.eclipse.m2e.jdt.JarLifecycleMapping lifecycle mapping for MavenProject: sia:taco-cloud:0.0.2-SNAPSHOT @ C:\Spring\spring-in-action-6-samples-main\spring-in-action-6-samples-main\ch02\taco-cloud\pom.xml.
2024-03-18 09:52:35,189 [Worker-6: Importing Maven projects] INFO  o.e.m.j.i.AbstractJavaProjectConfigurator - Adding source folder /taco-cloud/src/main/java
2024-03-18 09:52:35,189 [Worker-6: Importing Maven projects] INFO  o.e.m.j.i.AbstractJavaProjectConfigurator - Adding resource folder /taco-cloud/src/main/resources
2024-03-18 09:52:35,192 [Worker-6: Importing Maven projects] INFO  o.e.m.j.i.AbstractJavaProjectConfigurator - Adding resource folder /taco-cloud/src/main/resources
2024-03-18 09:52:35,199 [Worker-6: Importing Maven projects] INFO  o.e.m.j.i.AbstractJavaProjectConfigurator - Adding source folder /taco-cloud/src/test/java
2024-03-18 09:52:35,200 [Worker-6: Importing Maven projects] INFO  o.e.m.j.i.AbstractJavaProjectConfigurator - Adding resource folder /taco-cloud/src/test/resources
2024-03-18 09:52:37,320 [Worker-6: Importing Maven projects] INFO  o.e.m.c.i.p.ProjectConfigurationManager - Imported and configured 1 project(s) in 55 sec
2024-03-18 09:52:48,345 [Worker-7: Building] INFO  o.e.m.c.i.embedder.EclipseLogger - Using 'UTF-8' encoding to copy filtered resources.
2024-03-18 09:52:48,346 [Worker-7: Building] INFO  o.e.m.c.i.embedder.EclipseLogger - Using 'UTF-8' encoding to copy filtered properties files.
2024-03-18 09:52:48,357 [Worker-7: Building] INFO  o.e.m.c.i.embedder.EclipseLogger - Copying 1 resource
2024-03-18 09:52:48,410 [Worker-7: Building] INFO  o.e.m.c.i.embedder.EclipseLogger - Copying 5 resources
2024-03-18 09:52:48,701 [Worker-7: Building] INFO  o.e.m.c.i.embedder.EclipseLogger - Using 'UTF-8' encoding to copy filtered resources.
2024-03-18 09:52:48,702 [Worker-7: Building] INFO  o.e.m.c.i.embedder.EclipseLogger - Using 'UTF-8' encoding to copy filtered properties files.
2024-03-18 09:52:48,702 [Worker-7: Building] INFO  o.e.m.c.i.embedder.EclipseLogger - skip non existing resourceDirectory C:\Spring\spring-in-action-6-samples-main\spring-in-action-6-samples-main\ch02\taco-cloud\src\test\resources
2024-03-25 23:59:25,163 [Worker-3: Loading available Gradle versions] INFO  o.e.b.c.i.u.g.PublishedGradleVersions - Gradle version information cache is out-of-date. Trying to update.
2024-03-26 00:00:58,892 [Worker-6: Building] INFO  o.e.m.c.i.embedder.EclipseLogger - Using 'UTF-8' encoding to copy filtered resources.
2024-03-26 00:00:58,892 [Worker-6: Building] INFO  o.e.m.c.i.embedder.EclipseLogger - Using 'UTF-8' encoding to copy filtered properties files.
2024-03-26 00:00:58,901 [Worker-6: Building] INFO  o.e.m.c.i.embedder.EclipseLogger - Copying 1 resource
2024-03-26 00:00:58,981 [Worker-6: Building] INFO  o.e.m.c.i.embedder.EclipseLogger - Copying 5 resources
2024-03-26 00:00:59,777 [Worker-6: Building] INFO  o.e.m.c.i.embedder.EclipseLogger - Using 'UTF-8' encoding to copy filtered resources.
2024-03-26 00:00:59,778 [Worker-6: Building] INFO  o.e.m.c.i.embedder.EclipseLogger - Using 'UTF-8' encoding to copy filtered properties files.
2024-03-26 00:00:59,778 [Worker-6: Building] INFO  o.e.m.c.i.embedder.EclipseLogger - skip non existing resourceDirectory C:\Spring\spring-in-action-6-samples-main\spring-in-action-6-samples-main\ch02\taco-cloud\src\test\resources
2024-04-02 20:41:06,798 [Worker-2: Loading available Gradle versions] INFO  o.e.b.c.i.u.g.PublishedGradleVersions - Gradle version information cache is up-to-date. Trying to read.
2024-04-02 21:24:04,496 [Worker-18: Launching taco-cloud - TacoCloudApplication] INFO  o.e.m.c.i.embedder.EclipseLogger - Using 'UTF-8' encoding to copy filtered resources.
2024-04-02 21:24:04,519 [Worker-18: Launching taco-cloud - TacoCloudApplication] INFO  o.e.m.c.i.embedder.EclipseLogger - Using 'UTF-8' encoding to copy filtered properties files.
2024-04-02 21:24:04,536 [Worker-18: Launching taco-cloud - TacoCloudApplication] INFO  o.e.m.c.i.embedder.EclipseLogger - Copying 1 resource
2024-04-02 21:24:04,668 [Worker-18: Launching taco-cloud - TacoCloudApplication] INFO  o.e.m.c.i.embedder.EclipseLogger - Copying 5 resources
2024-04-02 21:24:04,710 [Worker-18: Launching taco-cloud - TacoCloudApplication] INFO  o.e.m.c.i.embedder.EclipseLogger - Using 'UTF-8' encoding to copy filtered resources.
2024-04-02 21:24:04,711 [Worker-18: Launching taco-cloud - TacoCloudApplication] INFO  o.e.m.c.i.embedder.EclipseLogger - Using 'UTF-8' encoding to copy filtered properties files.
2024-04-02 21:24:04,711 [Worker-18: Launching taco-cloud - TacoCloudApplication] INFO  o.e.m.c.i.embedder.EclipseLogger - skip non existing resourceDirectory C:\Spring\spring-in-action-6-samples-main\spring-in-action-6-samples-main\ch02\taco-cloud\src\test\resources
